2020-08-22 08:28:56.355  INFO 14180 --- [main] com.hrp.test.LoggerTest                  : Starting LoggerTest on LAPTOP-Q8VFQ5IO with PID 14180 (started by hp in F:\IdeaCode\java-web\springboot_mybatis_plus)
2020-08-22 08:28:56.357  INFO 14180 --- [main] com.hrp.test.LoggerTest                  : No active profile set, falling back to default profiles: default
2020-08-22 08:28:56.412  INFO 14180 --- [main] o.s.w.c.s.GenericWebApplicationContext   : Refreshing org.springframework.web.context.support.GenericWebApplicationContext@7d7758be: startup date [Sat Aug 22 08:28:56 GMT+08:00 2020]; root of context hierarchy
2020-08-22 08:28:59.878  INFO 14180 --- [main] com.zaxxer.hikari.HikariDataSource       : HikariPool-1 - Starting...
2020-08-22 08:29:00.239  INFO 14180 --- [main] com.zaxxer.hikari.HikariDataSource       : HikariPool-1 - Start completed.
2020-08-22 08:29:01.085  INFO 14180 --- [main] o.s.w.s.handler.SimpleUrlHandlerMapping  : Mapped URL path [/**/favicon.ico] onto handler of type [class org.springframework.web.servlet.resource.ResourceHttpRequestHandler]
2020-08-22 08:29:01.434  INFO 14180 --- [main] s.w.s.m.m.a.RequestMappingHandlerAdapter : Looking for @ControllerAdvice: org.springframework.web.context.support.GenericWebApplicationContext@7d7758be: startup date [Sat Aug 22 08:28:56 GMT+08:00 2020]; root of context hierarchy
2020-08-22 08:29:01.546  INFO 14180 --- [main] s.w.s.m.m.a.RequestMappingHandlerMapping : Mapped "{[/user],methods=[PUT]}" onto public org.springframework.http.ResponseEntity<java.lang.Void> com.hrp.controller.UserController.update(com.hrp.domain.User) throws java.lang.Exception
2020-08-22 08:29:01.548  INFO 14180 --- [main] s.w.s.m.m.a.RequestMappingHandlerMapping : Mapped "{[/user],methods=[POST]}" onto public org.springframework.http.ResponseEntity<java.lang.Void> com.hrp.controller.UserController.insert(com.hrp.domain.User) throws java.lang.Exception
2020-08-22 08:29:01.548  INFO 14180 --- [main] s.w.s.m.m.a.RequestMappingHandlerMapping : Mapped "{[/user/{id}],methods=[DELETE]}" onto public org.springframework.http.ResponseEntity<java.lang.Void> com.hrp.controller.UserController.deleteById(java.lang.Integer) throws java.lang.Exception
2020-08-22 08:29:01.549  INFO 14180 --- [main] s.w.s.m.m.a.RequestMappingHandlerMapping : Mapped "{[/user/page/{currentPage}],methods=[GET]}" onto public org.springframework.http.ResponseEntity<com.baomidou.mybatisplus.core.metadata.IPage<com.hrp.domain.User>> com.hrp.controller.UserController.selectPage(java.lang.Integer,java.lang.Integer) throws java.lang.Exception
2020-08-22 08:29:01.552  INFO 14180 --- [main] s.w.s.m.m.a.RequestMappingHandlerMapping : Mapped "{[/error]}" onto public org.springframework.http.ResponseEntity<java.util.Map<java.lang.String, java.lang.Object>> org.springframework.boot.autoconfigure.web.servlet.error.BasicErrorController.error(javax.servlet.http.HttpServletRequest)
2020-08-22 08:29:01.554  INFO 14180 --- [main] s.w.s.m.m.a.RequestMappingHandlerMapping : Mapped "{[/error],produces=[text/html]}" onto public org.springframework.web.servlet.ModelAndView org.springframework.boot.autoconfigure.web.servlet.error.BasicErrorController.errorHtml(javax.servlet.http.HttpServletRequest,javax.servlet.http.HttpServletResponse)
2020-08-22 08:29:01.596  INFO 14180 --- [main] o.s.w.s.handler.SimpleUrlHandlerMapping  : Mapped URL path [/webjars/**] onto handler of type [class org.springframework.web.servlet.resource.ResourceHttpRequestHandler]
2020-08-22 08:29:01.596  INFO 14180 --- [main] o.s.w.s.handler.SimpleUrlHandlerMapping  : Mapped URL path [/**] onto handler of type [class org.springframework.web.servlet.resource.ResourceHttpRequestHandler]
2020-08-22 08:29:02.645  INFO 14180 --- [main] com.hrp.test.LoggerTest                  : Started LoggerTest in 7.101 seconds (JVM running for 9.006)
2020-08-22 08:29:02.773  INFO 14180 --- [main] com.hrp.test.LoggerTest                  : 记录日志信息
2020-08-22 08:29:02.782  INFO 14180 --- [Thread-2] o.s.w.c.s.GenericWebApplicationContext   : Closing org.springframework.web.context.support.GenericWebApplicationContext@7d7758be: startup date [Sat Aug 22 08:28:56 GMT+08:00 2020]; root of context hierarchy
2020-08-22 08:29:02.788  INFO 14180 --- [Thread-2] com.zaxxer.hikari.HikariDataSource       : HikariPool-1 - Shutdown initiated...
2020-08-22 08:29:02.799  INFO 14180 --- [Thread-2] com.zaxxer.hikari.HikariDataSource       : HikariPool-1 - Shutdown completed.
